Using pre-set license
Built from '2020.3/staging' branch; Version is '2020.3.5f1 (8095aa901b9b) revision 8426922'; Using compiler version '192528614'; Build Type 'Release'
OS: 'Windows 10 Pro; OS build 19042.985; Version 2009; 64bit' Language: 'en' Physical Memory: 16204 MB
BatchMode: 1, IsHumanControllingUs: 0, StartBugReporterOnCrash: 0, Is64bit: 1, IsPro: 0

 COMMAND LINE ARGUMENTS:
C:\Program Files\Unity\Hub\Editor\2020.3.5f1\Editor\Unity.exe
-adb2
-batchMode
-noUpm
-name
AssetImportWorker0
-projectPath
C:/Users/kirby/Documents/Game Dev/2020/Arena
-logFile
Logs/AssetImportWorker0.log
-srvPort
59547
Successfully changed project path to: C:/Users/kirby/Documents/Game Dev/2020/Arena
C:/Users/kirby/Documents/Game Dev/2020/Arena
Using Asset Import Pipeline V2.
Refreshing native plugins compatible for Editor in 88.84 ms, found 0 plugins.
Preloading 0 native plugins for Editor in 0.00 ms.
Initialize engine version: 2020.3.5f1 (8095aa901b9b)
[Subsystems] Discovering subsystems at path C:/Program Files/Unity/Hub/Editor/2020.3.5f1/Editor/Data/Resources/UnitySubsystems
[Subsystems] Discovering subsystems at path C:/Users/kirby/Documents/Game Dev/2020/Arena/Assets
GfxDevice: creating device client; threaded=0
Direct3D:
    Version:  Direct3D 11.0 [level 11.1]
    Renderer: NVIDIA GeForce RTX 2060 (ID=0x1f15)
    Vendor:   
    VRAM:     5980 MB
    Driver:   27.21.14.6140
Shader 'Universal Render Pipeline/Particles/Lit': fallback shader 'Universal Render Pipeline/Particles/SimpleLit' not found
Initialize mono
Mono path[0] = 'C:/Program Files/Unity/Hub/Editor/2020.3.5f1/Editor/Data/Managed'
Mono path[1] = 'C:/Program Files/Unity/Hub/Editor/2020.3.5f1/Editor/Data/MonoBleedingEdge/lib/mono/unityjit'
Mono config path = 'C:/Program Files/Unity/Hub/Editor/2020.3.5f1/Editor/Data/MonoBleedingEdge/etc'
Using monoOptions --debugger-agent=transport=dt_socket,embedding=1,server=y,suspend=n,address=127.0.0.1:56796
Begin MonoManager ReloadAssembly
Registering precompiled unity dll's ...
Register platform support module: C:/Program Files/Unity/Hub/Editor/2020.3.5f1/Editor/Data/PlaybackEngines/WebGLSupport/UnityEditor.WebGL.Extensions.dll
Register platform support module: C:/Program Files/Unity/Hub/Editor/2020.3.5f1/Editor/Data/PlaybackEngines/MacStandaloneSupport/UnityEditor.OSXStandalone.Extensions.dll
Register platform support module: C:/Program Files/Unity/Hub/Editor/2020.3.5f1/Editor/Data/PlaybackEngines/WindowsStandaloneSupport/UnityEditor.WindowsStandalone.Extensions.dll
Registered in 0.002752 seconds.
Native extension for WindowsStandalone target not found
Native extension for OSXStandalone target not found
Native extension for WebGL target not found
Refreshing native plugins compatible for Editor in 68.74 ms, found 0 plugins.
Preloading 0 native plugins for Editor in 0.00 ms.
Mono: successfully reloaded assembly
- Completed reload, in  1.249 seconds
Platform modules already initialized, skipping
Registering precompiled user dll's ...
Registered in 0.001380 seconds.
Begin MonoManager ReloadAssembly
Native extension for WindowsStandalone target not found
Native extension for OSXStandalone target not found
Native extension for WebGL target not found
Refreshing native plugins compatible for Editor in 69.36 ms, found 0 plugins.
Preloading 0 native plugins for Editor in 0.00 ms.
Mono: successfully reloaded assembly
- Completed reload, in  1.152 seconds
Platform modules already initialized, skipping
========================================================================
Worker process is ready to serve import requests
Shader 'Universal Render Pipeline/Particles/Lit': fallback shader 'Universal Render Pipeline/Particles/SimpleLit' not found
Launched and connected shader compiler UnityShaderCompiler.exe after 0.05 seconds
Refreshing native plugins compatible for Editor in 1.04 ms, found 0 plugins.
Preloading 0 native plugins for Editor in 0.00 ms.
Unloading 3483 Unused Serialized files (Serialized files now loaded: 0)
System memory in use before: 159.0 MB.
System memory in use after: 159.1 MB.

Unloading 16 unused Assets to reduce memory usage. Loaded Objects now: 3948.
Total: 4.005200 ms (FindLiveObjects: 0.778800 ms CreateObjectMapping: 0.492800 ms MarkObjects: 2.412400 ms  DeleteObjects: 0.318900 ms)

========================================================================
Received Import Request.
  path: Assets/Resources/Data/Skills/PierceAndPull.asset
  artifactKey: Guid(a15500704de91a04d87aa3a3c0848185) Importer(815301076,1909f56bfc062723c751e8b465ee728b)
Start importing Assets/Resources/Data/Skills/PierceAndPull.asset using Guid(a15500704de91a04d87aa3a3c0848185) Importer(815301076,1909f56bfc062723c751e8b465ee728b)  -> (artifact id: '67188139359fcd237ab38ef122836600') in 0.033233 seconds
  Import took 0.040449 seconds .

========================================================================
Received Import Request.
  Time since last request: 0.000384 seconds.
  path: Assets/Resources/Data/Skills/Rain.asset
  artifactKey: Guid(ac5c78e2ba94a6c42ac127dc70a60173) Importer(815301076,1909f56bfc062723c751e8b465ee728b)
Start importing Assets/Resources/Data/Skills/Rain.asset using Guid(ac5c78e2ba94a6c42ac127dc70a60173) Importer(815301076,1909f56bfc062723c751e8b465ee728b)  -> (artifact id: '5a99c66487dcb881d3173d3900dceb8c') in 0.002518 seconds
  Import took 0.009199 seconds .

========================================================================
Received Import Request.
  Time since last request: 0.000338 seconds.
  path: Assets/Resources/Data/Skills/Burst.asset
  artifactKey: Guid(2f2e2f74dcb63684d88e42d87daeed95) Importer(815301076,1909f56bfc062723c751e8b465ee728b)
Start importing Assets/Resources/Data/Skills/Burst.asset using Guid(2f2e2f74dcb63684d88e42d87daeed95) Importer(815301076,1909f56bfc062723c751e8b465ee728b)  -> (artifact id: '91e9b16217b03b4cfaa98f9c4530fa6a') in 0.003306 seconds
  Import took 0.009070 seconds .

========================================================================
Received Import Request.
  Time since last request: 0.000245 seconds.
  path: Assets/Resources/Data/Skills/Prey.asset
  artifactKey: Guid(8b7da0981a89e444594ed4cab28f8330) Importer(815301076,1909f56bfc062723c751e8b465ee728b)
Start importing Assets/Resources/Data/Skills/Prey.asset using Guid(8b7da0981a89e444594ed4cab28f8330) Importer(815301076,1909f56bfc062723c751e8b465ee728b)  -> (artifact id: '0de869b27dbe9c3487e6e9a67b5f9389') in 0.002986 seconds
  Import took 0.008511 seconds .

========================================================================
Received Import Request.
  Time since last request: 0.000209 seconds.
  path: Assets/Resources/Data/Skills/Mark.asset
  artifactKey: Guid(ed75c5b1d3af50d4c837283e531b1169) Importer(815301076,1909f56bfc062723c751e8b465ee728b)
Start importing Assets/Resources/Data/Skills/Mark.asset using Guid(ed75c5b1d3af50d4c837283e531b1169) Importer(815301076,1909f56bfc062723c751e8b465ee728b)  -> (artifact id: '8300d3f91ddb7e72d08a785e95d30b39') in 0.002785 seconds
  Import took 0.007745 seconds .

========================================================================
Received Import Request.
  Time since last request: 33.575962 seconds.
  path: Assets/Assets.index
  artifactKey: Guid(27e12778abb595d409bc9388ca4e35a7) Importer(815301076,1909f56bfc062723c751e8b465ee728b)
Start importing Assets/Assets.index using Guid(27e12778abb595d409bc9388ca4e35a7) Importer(815301076,1909f56bfc062723c751e8b465ee728b)  -> (artifact id: '05385f1fbd57a3d678a56d59569f3ae9') in 0.037601 seconds
  Import took 0.043410 seconds .

========================================================================
Received Import Request.
  Time since last request: 48.305687 seconds.
  path: Assets/Resources/Shaders/Invisibility
  artifactKey: Guid(1e406d94e7e513e47a2ac6c230c959b4) Importer(815301076,1909f56bfc062723c751e8b465ee728b)
Start importing Assets/Resources/Shaders/Invisibility using Guid(1e406d94e7e513e47a2ac6c230c959b4) Importer(815301076,1909f56bfc062723c751e8b465ee728b)  -> (artifact id: '36ae67c708dfe45c415d5eb4c9f46e61') in 0.002738 seconds
  Import took 0.009969 seconds .

========================================================================
Received Import Request.
  Time since last request: 43.805516 seconds.
  path: Assets/Resources/Shaders/Invisibility/Shader_Invisibility.shadergraph
  artifactKey: Guid(1b35e3f456f9d354192093a1a501756f) Importer(815301076,1909f56bfc062723c751e8b465ee728b)
Start importing Assets/Resources/Shaders/Invisibility/Shader_Invisibility.shadergraph using Guid(1b35e3f456f9d354192093a1a501756f) Importer(815301076,1909f56bfc062723c751e8b465ee728b)  -> (artifact id: '40cf34fd72e42094de0e27c0c4748862') in 0.009142 seconds
  Import took 0.021481 seconds .

========================================================================
Received Import Request.
  Time since last request: 0.335197 seconds.
  path: Assets/Resources/Shaders/Invisibility/Shader_Invisibility.shadergraph
  artifactKey: Guid(1b35e3f456f9d354192093a1a501756f) Importer(815301076,1909f56bfc062723c751e8b465ee728b)
Start importing Assets/Resources/Shaders/Invisibility/Shader_Invisibility.shadergraph using Guid(1b35e3f456f9d354192093a1a501756f) Importer(815301076,1909f56bfc062723c751e8b465ee728b)  -> (artifact id: '40cf34fd72e42094de0e27c0c4748862') in 0.004052 seconds
  Import took 0.010637 seconds .

========================================================================
Received Import Request.
  Time since last request: 406.359028 seconds.
  path: Assets/Resources/Shaders/Invisibility/Shader_Invisibility.shadergraph
  artifactKey: Guid(1b35e3f456f9d354192093a1a501756f) Importer(815301076,1909f56bfc062723c751e8b465ee728b)
Start importing Assets/Resources/Shaders/Invisibility/Shader_Invisibility.shadergraph using Guid(1b35e3f456f9d354192093a1a501756f) Importer(815301076,1909f56bfc062723c751e8b465ee728b)  -> (artifact id: 'b35d8ea6ba2eca8cf78e362ed0e5727e') in 0.004733 seconds
  Import took 0.016995 seconds .

========================================================================
Received Import Request.
  Time since last request: 0.460788 seconds.
  path: Assets/Resources/Shaders/Invisibility/Shader_Invisibility.shadergraph
  artifactKey: Guid(1b35e3f456f9d354192093a1a501756f) Importer(815301076,1909f56bfc062723c751e8b465ee728b)
Start importing Assets/Resources/Shaders/Invisibility/Shader_Invisibility.shadergraph using Guid(1b35e3f456f9d354192093a1a501756f) Importer(815301076,1909f56bfc062723c751e8b465ee728b)  -> (artifact id: 'b35d8ea6ba2eca8cf78e362ed0e5727e') in 0.003200 seconds
  Import took 0.008880 seconds .

========================================================================
Received Import Request.
  Time since last request: 22.190768 seconds.
  path: Assets/Resources/Shaders/Invisibility/Material_Invisibility.mat
  artifactKey: Guid(fba33cf0f7626d74db520e89dc4bfa44) Importer(815301076,1909f56bfc062723c751e8b465ee728b)
Start importing Assets/Resources/Shaders/Invisibility/Material_Invisibility.mat using Guid(fba33cf0f7626d74db520e89dc4bfa44) Importer(815301076,1909f56bfc062723c751e8b465ee728b)  -> (artifact id: '73a7a990323d703c1b1318c3fb1f26e8') in 0.233712 seconds
  Import took 0.240252 seconds .

========================================================================
Received Import Request.
  Time since last request: 52.134076 seconds.
  path: Assets/Resources/Units/Playable Characters/Hunter/Hunter.prefab
  artifactKey: Guid(e96461d2effa10d4b8cd07efa7d694bd) Importer(815301076,1909f56bfc062723c751e8b465ee728b)
Start importing Assets/Resources/Units/Playable Characters/Hunter/Hunter.prefab using Guid(e96461d2effa10d4b8cd07efa7d694bd) Importer(815301076,1909f56bfc062723c751e8b465ee728b)  -> (artifact id: '51d5f2d34130c65ee51a40f24d5352b3') in 0.111333 seconds
  Import took 0.119788 seconds .

========================================================================
Received Import Request.
  Time since last request: 42.175175 seconds.
  path: Assets/Resources/VFX/Targeting/Materials/circle.png
  artifactKey: Guid(2a2f697ac8ccd834fa30040a422a7dad) Importer(815301076,1909f56bfc062723c751e8b465ee728b)
Start importing Assets/Resources/VFX/Targeting/Materials/circle.png using Guid(2a2f697ac8ccd834fa30040a422a7dad) Importer(815301076,1909f56bfc062723c751e8b465ee728b)  -> (artifact id: 'c57bd6f6bb802f2875bec955c5e4b9dd') in 0.040380 seconds
  Import took 0.047469 seconds .

========================================================================
Received Import Request.
  Time since last request: 0.005950 seconds.
  path: Assets/Resources/VFX/Targeting/Materials/circle.png
  artifactKey: Guid(2a2f697ac8ccd834fa30040a422a7dad) Importer(815301076,1909f56bfc062723c751e8b465ee728b)
Start importing Assets/Resources/VFX/Targeting/Materials/circle.png using Guid(2a2f697ac8ccd834fa30040a422a7dad) Importer(815301076,1909f56bfc062723c751e8b465ee728b)  -> (artifact id: 'c57bd6f6bb802f2875bec955c5e4b9dd') in 0.028663 seconds
  Import took 0.037150 seconds .

========================================================================
Received Import Request.
  Time since last request: 108.725394 seconds.
  path: Assets/Resources/Units/Enemies/Slime/SlimePBR 1.mat
  artifactKey: Guid(97e5d188cdbc79946a6bbb85e0068d12) Importer(815301076,1909f56bfc062723c751e8b465ee728b)
Start importing Assets/Resources/Units/Enemies/Slime/SlimePBR 1.mat using Guid(97e5d188cdbc79946a6bbb85e0068d12) Importer(815301076,1909f56bfc062723c751e8b465ee728b)  -> (artifact id: '240c0d9452a90116b4de7b44b0f66507') in 0.048960 seconds
  Import took 0.055142 seconds .

========================================================================
Received Import Request.
  Time since last request: 160.171252 seconds.
  path: Assets/Third Party/Mini Legion Grunt PBR HP Polyart/Material/HP.mat
  artifactKey: Guid(cad6fa3a83060754d98d2fb182f98fd5) Importer(815301076,1909f56bfc062723c751e8b465ee728b)
Start importing Assets/Third Party/Mini Legion Grunt PBR HP Polyart/Material/HP.mat using Guid(cad6fa3a83060754d98d2fb182f98fd5) Importer(815301076,1909f56bfc062723c751e8b465ee728b)  -> (artifact id: 'a4151dbdb97523645007997d64bb7765') in 0.043859 seconds
  Import took 0.052566 seconds .

========================================================================
Received Import Request.
  Time since last request: 0.000202 seconds.
  path: Assets/Third Party/FreeDragons/Materials/DragonSoulEaterHP/RedHP.mat
  artifactKey: Guid(35305181e90534745b25a3b3799091a9) Importer(815301076,1909f56bfc062723c751e8b465ee728b)
Start importing Assets/Third Party/FreeDragons/Materials/DragonSoulEaterHP/RedHP.mat using Guid(35305181e90534745b25a3b3799091a9) Importer(815301076,1909f56bfc062723c751e8b465ee728b)  -> (artifact id: '76e2d64c9d60bab72a1dee1811b74fcd') in 0.027266 seconds
  Import took 0.033934 seconds .

========================================================================
Received Import Request.
  Time since last request: 11.682384 seconds.
  path: Assets/Third Party/Mini Legion Lich PBR HP Polyart/Materials/HP.mat
  artifactKey: Guid(62b1b109ebfd33d4ab81c69ff22c6813) Importer(815301076,1909f56bfc062723c751e8b465ee728b)
Start importing Assets/Third Party/Mini Legion Lich PBR HP Polyart/Materials/HP.mat using Guid(62b1b109ebfd33d4ab81c69ff22c6813) Importer(815301076,1909f56bfc062723c751e8b465ee728b)  -> (artifact id: '83836ec37cdeb72d157b62a980fb6c44') in 0.035730 seconds
  Import took 0.041624 seconds .

========================================================================
Received Import Request.
  Time since last request: 210.796135 seconds.
  path: Assets/Resources/Shaders/Invisibility/Shader_Invisibility.shadergraph
  artifactKey: Guid(1b35e3f456f9d354192093a1a501756f) Importer(815301076,1909f56bfc062723c751e8b465ee728b)
Start importing Assets/Resources/Shaders/Invisibility/Shader_Invisibility.shadergraph using Guid(1b35e3f456f9d354192093a1a501756f) Importer(815301076,1909f56bfc062723c751e8b465ee728b)  -> (artifact id: '0237b543b3fd5a107d3d59eb25654917') in 0.004486 seconds
  Import took 0.012465 seconds .

========================================================================
Received Import Request.
  Time since last request: 1.399385 seconds.
  path: Assets/Resources/Shaders/Invisibility/Material_Invisibility.mat
  artifactKey: Guid(fba33cf0f7626d74db520e89dc4bfa44) Importer(815301076,1909f56bfc062723c751e8b465ee728b)
Start importing Assets/Resources/Shaders/Invisibility/Material_Invisibility.mat using Guid(fba33cf0f7626d74db520e89dc4bfa44) Importer(815301076,1909f56bfc062723c751e8b465ee728b)  -> (artifact id: '8c7c3848df16f2344b50ace2cf37a42a') in 0.025997 seconds
  Import took 0.034040 seconds .

========================================================================
Received Import Request.
  Time since last request: 0.003145 seconds.
  path: Assets/Resources/Shaders/Invisibility/Shader_Invisibility 1.shadergraph
  artifactKey: Guid(159731fc244f22049b97c86c175c5b1c) Importer(815301076,1909f56bfc062723c751e8b465ee728b)
Start importing Assets/Resources/Shaders/Invisibility/Shader_Invisibility 1.shadergraph using Guid(159731fc244f22049b97c86c175c5b1c) Importer(815301076,1909f56bfc062723c751e8b465ee728b)  -> (artifact id: 'ed50541f0549893f60b0f26d47459fb5') in 0.005768 seconds
  Import took 0.013016 seconds .

========================================================================
Received Import Request.
  Time since last request: 22.010794 seconds.
  path: Assets/Resources/Shaders/Invisibility/Shader_Invisibility_Arms.shadergraph
  artifactKey: Guid(159731fc244f22049b97c86c175c5b1c) Importer(815301076,1909f56bfc062723c751e8b465ee728b)
Start importing Assets/Resources/Shaders/Invisibility/Shader_Invisibility_Arms.shadergraph using Guid(159731fc244f22049b97c86c175c5b1c) Importer(815301076,1909f56bfc062723c751e8b465ee728b)  -> (artifact id: 'ad2a91f56f04e2daf2d62b192e3af00f') in 0.003418 seconds
  Import took 0.010215 seconds .

========================================================================
Received Import Request.
  Time since last request: 19.135043 seconds.
  path: Assets/Resources/Shaders/Invisibility/Material_Invisibility_Arms.mat
  artifactKey: Guid(0df0e3ee1499a25498db8c3ddbb120c7) Importer(815301076,1909f56bfc062723c751e8b465ee728b)
Start importing Assets/Resources/Shaders/Invisibility/Material_Invisibility_Arms.mat using Guid(0df0e3ee1499a25498db8c3ddbb120c7) Importer(815301076,1909f56bfc062723c751e8b465ee728b)  -> (artifact id: '66ae890f9dabb15e653de1101bd04ff5') in 0.020852 seconds
  Import took 0.027685 seconds .

========================================================================
Received Import Request.
  Time since last request: 482.741261 seconds.
  path: Assets/Resources/Shaders/Invisibility/Shader_Invisibility_Arms.shadergraph
  artifactKey: Guid(159731fc244f22049b97c86c175c5b1c) Importer(815301076,1909f56bfc062723c751e8b465ee728b)
Start importing Assets/Resources/Shaders/Invisibility/Shader_Invisibility_Arms.shadergraph using Guid(159731fc244f22049b97c86c175c5b1c) Importer(815301076,1909f56bfc062723c751e8b465ee728b)  -> (artifact id: '6818421c1084030b71e4fa9453be4cd9') in 0.005373 seconds
  Import took 0.017885 seconds .

========================================================================
Received Import Request.
  Time since last request: 0.006583 seconds.
  path: Assets/Resources/Shaders/Invisibility/Shader_Invisibility_Arms.shadergraph
  artifactKey: Guid(159731fc244f22049b97c86c175c5b1c) Importer(815301076,1909f56bfc062723c751e8b465ee728b)
Start importing Assets/Resources/Shaders/Invisibility/Shader_Invisibility_Arms.shadergraph using Guid(159731fc244f22049b97c86c175c5b1c) Importer(815301076,1909f56bfc062723c751e8b465ee728b)  -> (artifact id: '6818421c1084030b71e4fa9453be4cd9') in 0.003944 seconds
  Import took 0.011776 seconds .

========================================================================
Received Import Request.
  Time since last request: 601.401334 seconds.
  path: Assets/Resources/Shaders/Invisibility/FresnalTexture.shadersubgraph
  artifactKey: Guid(5e49034321c871e4bb080c4448c2cc63) Importer(815301076,1909f56bfc062723c751e8b465ee728b)
Start importing Assets/Resources/Shaders/Invisibility/FresnalTexture.shadersubgraph using Guid(5e49034321c871e4bb080c4448c2cc63) Importer(815301076,1909f56bfc062723c751e8b465ee728b)  -> (artifact id: 'a85de204d8e918101fce0f4afe515f59') in 0.008255 seconds
  Import took 0.019026 seconds .

========================================================================
Received Import Request.
  Time since last request: 22.150335 seconds.
  path: Assets/Resources/Shaders/Invisibility/FresnalTexture.shadersubgraph
  artifactKey: Guid(5e49034321c871e4bb080c4448c2cc63) Importer(815301076,1909f56bfc062723c751e8b465ee728b)
Start importing Assets/Resources/Shaders/Invisibility/FresnalTexture.shadersubgraph using Guid(5e49034321c871e4bb080c4448c2cc63) Importer(815301076,1909f56bfc062723c751e8b465ee728b)  -> (artifact id: '8de8663be693169b9a3d15c3ee843d63') in 0.003323 seconds
  Import took 0.010124 seconds .

========================================================================
Received Import Request.
  Time since last request: 7.966560 seconds.
  path: Assets/Resources/Shaders/Invisibility/FresnalTexture.shadersubgraph
  artifactKey: Guid(5e49034321c871e4bb080c4448c2cc63) Importer(815301076,1909f56bfc062723c751e8b465ee728b)
Start importing Assets/Resources/Shaders/Invisibility/FresnalTexture.shadersubgraph using Guid(5e49034321c871e4bb080c4448c2cc63) Importer(815301076,1909f56bfc062723c751e8b465ee728b)  -> (artifact id: 'eece4a6ea6c803342f5323c760e6b0e9') in 0.003577 seconds
  Import took 0.012511 seconds .

========================================================================
Received Import Request.
  Time since last request: 2.380459 seconds.
  path: Assets/Resources/Shaders/Invisibility/FresnalTexture.shadersubgraph
  artifactKey: Guid(5e49034321c871e4bb080c4448c2cc63) Importer(815301076,1909f56bfc062723c751e8b465ee728b)
Start importing Assets/Resources/Shaders/Invisibility/FresnalTexture.shadersubgraph using Guid(5e49034321c871e4bb080c4448c2cc63) Importer(815301076,1909f56bfc062723c751e8b465ee728b)  -> (artifact id: 'e00797de7a617edb658931c622a60a36') in 0.003644 seconds
  Import took 0.011283 seconds .

========================================================================
Received Import Request.
  Time since last request: 607.613001 seconds.
  path: Assets/Resources/Shaders/Invisibility/FresnalTexture.shadersubgraph
  artifactKey: Guid(5e49034321c871e4bb080c4448c2cc63) Importer(815301076,1909f56bfc062723c751e8b465ee728b)
Start importing Assets/Resources/Shaders/Invisibility/FresnalTexture.shadersubgraph using Guid(5e49034321c871e4bb080c4448c2cc63) Importer(815301076,1909f56bfc062723c751e8b465ee728b)  -> (artifact id: 'd464110a459171b66126df62a74bcad5') in 0.005875 seconds
  Import took 0.015546 seconds .

========================================================================
Received Import Request.
  Time since last request: 7.916346 seconds.
  path: Assets/Resources/Shaders/Invisibility/FresnalTexture.shadersubgraph
  artifactKey: Guid(5e49034321c871e4bb080c4448c2cc63) Importer(815301076,1909f56bfc062723c751e8b465ee728b)
Start importing Assets/Resources/Shaders/Invisibility/FresnalTexture.shadersubgraph using Guid(5e49034321c871e4bb080c4448c2cc63) Importer(815301076,1909f56bfc062723c751e8b465ee728b)  -> (artifact id: 'f9b2153c87f3d9f1a03812a5f0aaf485') in 0.004503 seconds
  Import took 0.014206 seconds .

========================================================================
Received Import Request.
  Time since last request: 5.533501 seconds.
  path: Assets/Resources/Shaders/Invisibility/FresnalTexture.shadersubgraph
  artifactKey: Guid(5e49034321c871e4bb080c4448c2cc63) Importer(815301076,1909f56bfc062723c751e8b465ee728b)
Start importing Assets/Resources/Shaders/Invisibility/FresnalTexture.shadersubgraph using Guid(5e49034321c871e4bb080c4448c2cc63) Importer(815301076,1909f56bfc062723c751e8b465ee728b)  -> (artifact id: 'cb072d393c80a0337b81a2f37ab13fd2') in 0.004545 seconds
  Import took 0.010917 seconds .

========================================================================
Received Import Request.
  Time since last request: 249.759255 seconds.
  path: Assets/Resources/Shaders/Invisibility/Shader_UV_Displacement.shadergraph
  artifactKey: Guid(73ce2c0252bc8564cae4af6d69c551a8) Importer(815301076,1909f56bfc062723c751e8b465ee728b)
Start importing Assets/Resources/Shaders/Invisibility/Shader_UV_Displacement.shadergraph using Guid(73ce2c0252bc8564cae4af6d69c551a8) Importer(815301076,1909f56bfc062723c751e8b465ee728b)  -> (artifact id: '7807846ca525f10b17f09d000b983069') in 0.005143 seconds
  Import took 0.011555 seconds .

========================================================================
Received Import Request.
  Time since last request: 123.584427 seconds.
  path: Assets/Resources/Shaders/Invisibility/Shader_UV_Displacement.shadergraph
  artifactKey: Guid(73ce2c0252bc8564cae4af6d69c551a8) Importer(815301076,1909f56bfc062723c751e8b465ee728b)
Start importing Assets/Resources/Shaders/Invisibility/Shader_UV_Displacement.shadergraph using Guid(73ce2c0252bc8564cae4af6d69c551a8) Importer(815301076,1909f56bfc062723c751e8b465ee728b)  -> (artifact id: 'e77753798c8f4e0c91c4639aea0153aa') in 0.004493 seconds
  Import took 0.014192 seconds .

========================================================================
Received Import Request.
  Time since last request: 14.359552 seconds.
  path: Assets/Resources/Shaders/Invisibility/Material_UV_Displacement.mat
  artifactKey: Guid(9355dad6115b4784297751256bfde077) Importer(815301076,1909f56bfc062723c751e8b465ee728b)
Start importing Assets/Resources/Shaders/Invisibility/Material_UV_Displacement.mat using Guid(9355dad6115b4784297751256bfde077) Importer(815301076,1909f56bfc062723c751e8b465ee728b)  -> (artifact id: '8647e8cbe0084cac91f3e8c075d8a5bd') in 0.024078 seconds
  Import took 0.032386 seconds .

========================================================================
Received Import Request.
  Time since last request: 515.340747 seconds.
  path: Assets/Resources/Shaders/Invisibility/electric-power-lightning-texture-seamless.jpg
  artifactKey: Guid(483e384516d6b77489a60a2f7b1633a7) Importer(815301076,1909f56bfc062723c751e8b465ee728b)
Start importing Assets/Resources/Shaders/Invisibility/electric-power-lightning-texture-seamless.jpg using Guid(483e384516d6b77489a60a2f7b1633a7) Importer(815301076,1909f56bfc062723c751e8b465ee728b)  -> (artifact id: '9b76bda4298652b5593354ad1199946d') in 0.074270 seconds
  Import took 0.084557 seconds .

========================================================================
Received Import Request.
  Time since last request: 8519.733367 seconds.
  path: Assets/Assets.index
  artifactKey: Guid(27e12778abb595d409bc9388ca4e35a7) Importer(815301076,1909f56bfc062723c751e8b465ee728b)
Start importing Assets/Assets.index using Guid(27e12778abb595d409bc9388ca4e35a7) Importer(815301076,1909f56bfc062723c751e8b465ee728b)  -> (artifact id: '93dc625bc1436f4dc410cf7bc33c169a') in 0.143844 seconds
  Import took 0.527639 seconds .

========================================================================
Received Import Request.
  Time since last request: 26.387124 seconds.
  path: Assets/Resources/Units/Playable Characters/Hunter/Hunter.prefab
  artifactKey: Guid(e96461d2effa10d4b8cd07efa7d694bd) Importer(815301076,1909f56bfc062723c751e8b465ee728b)
Start importing Assets/Resources/Units/Playable Characters/Hunter/Hunter.prefab using Guid(e96461d2effa10d4b8cd07efa7d694bd) Importer(815301076,1909f56bfc062723c751e8b465ee728b)  -> (artifact id: 'cd6e3ae40fe7641b137299b42bfb67ac') in 0.430637 seconds
  Import took 0.454888 seconds .

========================================================================
Received Prepare
Registering precompiled user dll's ...
Registered in 0.007923 seconds.
Begin MonoManager ReloadAssembly
Native extension for WindowsStandalone target not found
Native extension for OSXStandalone target not found
Native extension for WebGL target not found
Refreshing native plugins compatible for Editor in 1.92 ms, found 0 plugins.
Preloading 0 native plugins for Editor in 0.00 ms.
Mono: successfully reloaded assembly
- Completed reload, in  4.092 seconds
Platform modules already initialized, skipping
Shader 'Universal Render Pipeline/Particles/Lit': fallback shader 'Universal Render Pipeline/Particles/SimpleLit' not found
Refreshing native plugins compatible for Editor in 1.47 ms, found 0 plugins.
Preloading 0 native plugins for Editor in 0.00 ms.
Unloading 3339 Unused Serialized files (Serialized files now loaded: 0)
System memory in use before: 155.9 MB.
System memory in use after: 155.9 MB.

Unloading 7 unused Assets to reduce memory usage. Loaded Objects now: 4037.
Total: 7.426300 ms (FindLiveObjects: 1.168700 ms CreateObjectMapping: 0.582800 ms MarkObjects: 4.897500 ms  DeleteObjects: 0.773700 ms)

========================================================================
Received Import Request.
  Time since last request: 4703.853810 seconds.
  path: Assets/Resources/Shaders/Invisibility/Material_Invisibility.mat
  artifactKey: Guid(fba33cf0f7626d74db520e89dc4bfa44) Importer(815301076,1909f56bfc062723c751e8b465ee728b)
Start importing Assets/Resources/Shaders/Invisibility/Material_Invisibility.mat using Guid(fba33cf0f7626d74db520e89dc4bfa44) Importer(815301076,1909f56bfc062723c751e8b465ee728b)  -> (artifact id: '99ccb8c18967dc599c66df90690f1b46') in 0.763730 seconds
  Import took 0.892872 seconds .

========================================================================
Received Import Request.
  Time since last request: 0.000238 seconds.
  path: Assets/Resources/Shaders/Invisibility/Material_UV_Displacement.mat
  artifactKey: Guid(9355dad6115b4784297751256bfde077) Importer(815301076,1909f56bfc062723c751e8b465ee728b)
Start importing Assets/Resources/Shaders/Invisibility/Material_UV_Displacement.mat using Guid(9355dad6115b4784297751256bfde077) Importer(815301076,1909f56bfc062723c751e8b465ee728b)  -> (artifact id: 'b5dc939ff199f2fbada084e2ab6dea03') in 0.074007 seconds
  Import took 0.087822 seconds .

========================================================================
Received Import Request.
  Time since last request: 0.000260 seconds.
  path: Assets/Resources/Shaders/Invisibility/Material_Invisibility_Arms.mat
  artifactKey: Guid(0df0e3ee1499a25498db8c3ddbb120c7) Importer(815301076,1909f56bfc062723c751e8b465ee728b)
Start importing Assets/Resources/Shaders/Invisibility/Material_Invisibility_Arms.mat using Guid(0df0e3ee1499a25498db8c3ddbb120c7) Importer(815301076,1909f56bfc062723c751e8b465ee728b)  -> (artifact id: '02c282cf272eb1cd7c6bc35b763ebc0f') in 0.018434 seconds
  Import took 0.028994 seconds .

========================================================================
Received Import Request.
  Time since last request: 0.000300 seconds.
  path: Assets/Resources/Shaders/Invisibility/Material_Invisibility.mat
  artifactKey: Guid(fba33cf0f7626d74db520e89dc4bfa44) Importer(815301076,1909f56bfc062723c751e8b465ee728b)
Start importing Assets/Resources/Shaders/Invisibility/Material_Invisibility.mat using Guid(fba33cf0f7626d74db520e89dc4bfa44) Importer(815301076,1909f56bfc062723c751e8b465ee728b)  -> (artifact id: '99ccb8c18967dc599c66df90690f1b46') in 0.018244 seconds
  Import took 0.027487 seconds .

========================================================================
Received Import Request.
  Time since last request: 17.634615 seconds.
  path: Assets/Assets.index
  artifactKey: Guid(27e12778abb595d409bc9388ca4e35a7) Importer(815301076,1909f56bfc062723c751e8b465ee728b)
Start importing Assets/Assets.index using Guid(27e12778abb595d409bc9388ca4e35a7) Importer(815301076,1909f56bfc062723c751e8b465ee728b)  -> (artifact id: '4babe4ef0c294c3e2fae507252603260') in 0.038968 seconds
  Import took 0.046967 seconds .

========================================================================
Received Import Request.
  Time since last request: 37.406868 seconds.
  path: Assets/Art
  artifactKey: Guid(87f089e146da72b44b8da068b5074059) Importer(815301076,1909f56bfc062723c751e8b465ee728b)
Start importing Assets/Art using Guid(87f089e146da72b44b8da068b5074059) Importer(815301076,1909f56bfc062723c751e8b465ee728b)  -> (artifact id: '074ce721dc6e4c3319649579ca387c25') in 0.004271 seconds
  Import took 0.013772 seconds .

========================================================================
Received Import Request.
  Time since last request: 0.005523 seconds.
  path: Assets/Art
  artifactKey: Guid(87f089e146da72b44b8da068b5074059) Importer(815301076,1909f56bfc062723c751e8b465ee728b)
Start importing Assets/Art using Guid(87f089e146da72b44b8da068b5074059) Importer(815301076,1909f56bfc062723c751e8b465ee728b)  -> (artifact id: '074ce721dc6e4c3319649579ca387c25') in 0.003721 seconds
  Import took 0.013073 seconds .

========================================================================
Received Import Request.
  Time since last request: 0.959912 seconds.
  path: Assets/Art/VFX & Shaders
  artifactKey: Guid(21940896288f1f841a4879558412b96b) Importer(815301076,1909f56bfc062723c751e8b465ee728b)
Start importing Assets/Art/VFX & Shaders using Guid(21940896288f1f841a4879558412b96b) Importer(815301076,1909f56bfc062723c751e8b465ee728b)  -> (artifact id: '47be4c395eeb20ab231f4da077f0d87a') in 0.003967 seconds
  Import took 0.011956 seconds .

========================================================================
Received Import Request.
  Time since last request: 0.004905 seconds.
  path: Assets/Art/VFX & Shaders
  artifactKey: Guid(21940896288f1f841a4879558412b96b) Importer(815301076,1909f56bfc062723c751e8b465ee728b)
Start importing Assets/Art/VFX & Shaders using Guid(21940896288f1f841a4879558412b96b) Importer(815301076,1909f56bfc062723c751e8b465ee728b)  -> (artifact id: '47be4c395eeb20ab231f4da077f0d87a') in 0.002774 seconds
  Import took 0.010939 seconds .

========================================================================
Received Import Request.
  Time since last request: 0.120567 seconds.
  path: Assets/Art/VFX & Shaders/block_textured.png
  artifactKey: Guid(49ed3e92860bdee49b0964aab526cb2f) Importer(815301076,1909f56bfc062723c751e8b465ee728b)
Start importing Assets/Art/VFX & Shaders/block_textured.png using Guid(49ed3e92860bdee49b0964aab526cb2f) Importer(815301076,1909f56bfc062723c751e8b465ee728b)  -> (artifact id: '59dab2e238e9550af770ba38e9514061') in 0.044830 seconds
  Import took 0.051956 seconds .

========================================================================
Received Import Request.
  Time since last request: 0.000241 seconds.
  path: Assets/Art/VFX & Shaders/block_textured_mat.mat
  artifactKey: Guid(0e785c11d4f097e40a1f29d2b1ce680f) Importer(815301076,1909f56bfc062723c751e8b465ee728b)
Start importing Assets/Art/VFX & Shaders/block_textured_mat.mat using Guid(0e785c11d4f097e40a1f29d2b1ce680f) Importer(815301076,1909f56bfc062723c751e8b465ee728b)  -> (artifact id: '64508b50683f0cbc6c7f3406b6130eed') in 0.017691 seconds
  Import took 0.026138 seconds .

========================================================================
Received Import Request.
  Time since last request: 0.000226 seconds.
  path: Assets/Art/VFX & Shaders/BlockShaderMat.mat
  artifactKey: Guid(694f8d8d397d4c0409fe1c0dfb2cdbcf) Importer(815301076,1909f56bfc062723c751e8b465ee728b)
Start importing Assets/Art/VFX & Shaders/BlockShaderMat.mat using Guid(694f8d8d397d4c0409fe1c0dfb2cdbcf) Importer(815301076,1909f56bfc062723c751e8b465ee728b)  -> (artifact id: 'e41bc5472a50e39cdafcb34d7cebcfef') in 0.330657 seconds
  Import took 0.337471 seconds .

========================================================================
Received Import Request.
  Time since last request: 20.037705 seconds.
  path: Assets/Resources/Shaders/Invisibility/BlockShader.shadergraph
  artifactKey: Guid(c019b425b793529408ae6674c01bed85) Importer(815301076,1909f56bfc062723c751e8b465ee728b)
Start importing Assets/Resources/Shaders/Invisibility/BlockShader.shadergraph using Guid(c019b425b793529408ae6674c01bed85) Importer(815301076,1909f56bfc062723c751e8b465ee728b)  -> (artifact id: 'f96fbb5bd5a331694854dbcb4dd35e0c') in 0.008476 seconds
  Import took 0.020009 seconds .

========================================================================
Received Import Request.
  Time since last request: 0.192500 seconds.
  path: Assets/Resources/Shaders/Invisibility/BlockShader.shadergraph
  artifactKey: Guid(c019b425b793529408ae6674c01bed85) Importer(815301076,1909f56bfc062723c751e8b465ee728b)
Start importing Assets/Resources/Shaders/Invisibility/BlockShader.shadergraph using Guid(c019b425b793529408ae6674c01bed85) Importer(815301076,1909f56bfc062723c751e8b465ee728b)  -> (artifact id: 'f96fbb5bd5a331694854dbcb4dd35e0c') in 0.009099 seconds
  Import took 0.019614 seconds .

========================================================================
Received Import Request.
  Time since last request: 22.645851 seconds.
  path: Assets/Resources/Shaders/Invisibility/BlockShader.shadergraph
  artifactKey: Guid(c019b425b793529408ae6674c01bed85) Importer(815301076,1909f56bfc062723c751e8b465ee728b)
Start importing Assets/Resources/Shaders/Invisibility/BlockShader.shadergraph using Guid(c019b425b793529408ae6674c01bed85) Importer(815301076,1909f56bfc062723c751e8b465ee728b)  -> (artifact id: '94dfab31d60ad620cf06c9c4e0481c98') in 0.004330 seconds
  Import took 0.012988 seconds .

========================================================================
Received Import Request.
  Time since last request: 106.642441 seconds.
  path: Assets/Resources/Shaders/Invisibility/Shader_Invisibility.shadergraph
  artifactKey: Guid(1b35e3f456f9d354192093a1a501756f) Importer(815301076,1909f56bfc062723c751e8b465ee728b)
Start importing Assets/Resources/Shaders/Invisibility/Shader_Invisibility.shadergraph using Guid(1b35e3f456f9d354192093a1a501756f) Importer(815301076,1909f56bfc062723c751e8b465ee728b)  -> (artifact id: '4f0aedcb0a84a30d07321a43396d3e87') in 0.005603 seconds
  Import took 0.013939 seconds .

========================================================================
Received Import Request.
  Time since last request: 0.660094 seconds.
  path: Assets/Resources/Shaders/Invisibility/Shader_Invisibility_Arms.shadergraph
  artifactKey: Guid(159731fc244f22049b97c86c175c5b1c) Importer(815301076,1909f56bfc062723c751e8b465ee728b)
Start importing Assets/Resources/Shaders/Invisibility/Shader_Invisibility_Arms.shadergraph using Guid(159731fc244f22049b97c86c175c5b1c) Importer(815301076,1909f56bfc062723c751e8b465ee728b)  -> (artifact id: 'f61d40ac1e693b4d1f606c71dc1e4585') in 0.004260 seconds
  Import took 0.011755 seconds .

========================================================================
Received Import Request.
  Time since last request: 0.732646 seconds.
  path: Assets/Resources/Shaders/Invisibility/Shader_UV_Displacement.shadergraph
  artifactKey: Guid(73ce2c0252bc8564cae4af6d69c551a8) Importer(815301076,1909f56bfc062723c751e8b465ee728b)
Start importing Assets/Resources/Shaders/Invisibility/Shader_UV_Displacement.shadergraph using Guid(73ce2c0252bc8564cae4af6d69c551a8) Importer(815301076,1909f56bfc062723c751e8b465ee728b)  -> (artifact id: '9c615a4bd49c36086d65908e7b268a17') in 0.004247 seconds
  Import took 0.010624 seconds .

========================================================================
Received Import Request.
  Time since last request: 58.903202 seconds.
  path: Assets/Resources/Shaders/Invisibility/Shader_UV_Displacement.shadergraph
  artifactKey: Guid(73ce2c0252bc8564cae4af6d69c551a8) Importer(815301076,1909f56bfc062723c751e8b465ee728b)
Start importing Assets/Resources/Shaders/Invisibility/Shader_UV_Displacement.shadergraph using Guid(73ce2c0252bc8564cae4af6d69c551a8) Importer(815301076,1909f56bfc062723c751e8b465ee728b)  -> (artifact id: '5f7c0690410bb3ee2a68d56e4bd96bd6') in 0.004645 seconds
  Import took 0.012604 seconds .

========================================================================
Received Import Request.
  Time since last request: 21.201072 seconds.
  path: Assets/Resources/Shaders/Invisibility/DisplaceVertices.shadersubgraph
  artifactKey: Guid(cbe48add89298c24e8742772b6277016) Importer(815301076,1909f56bfc062723c751e8b465ee728b)
Start importing Assets/Resources/Shaders/Invisibility/DisplaceVertices.shadersubgraph using Guid(cbe48add89298c24e8742772b6277016) Importer(815301076,1909f56bfc062723c751e8b465ee728b)  -> (artifact id: '2ffb3b8898f395cd05d6a8b54217f2ed') in 0.008649 seconds
  Import took 0.020127 seconds .

========================================================================
Received Import Request.
  Time since last request: 13.653405 seconds.
  path: Assets/Resources/Shaders/Invisibility/Shader_UV_Displacement.shadergraph
  artifactKey: Guid(73ce2c0252bc8564cae4af6d69c551a8) Importer(815301076,1909f56bfc062723c751e8b465ee728b)
Start importing Assets/Resources/Shaders/Invisibility/Shader_UV_Displacement.shadergraph using Guid(73ce2c0252bc8564cae4af6d69c551a8) Importer(815301076,1909f56bfc062723c751e8b465ee728b)  -> (artifact id: 'f9111395b3fa2692b816ca2fdc459375') in 0.004230 seconds
  Import took 0.017403 seconds .

========================================================================
Received Import Request.
  Time since last request: 54.443900 seconds.
  path: Assets/Resources/Shaders/Invisibility/Shader_Invisibility.shadergraph
  artifactKey: Guid(1b35e3f456f9d354192093a1a501756f) Importer(815301076,1909f56bfc062723c751e8b465ee728b)
Start importing Assets/Resources/Shaders/Invisibility/Shader_Invisibility.shadergraph using Guid(1b35e3f456f9d354192093a1a501756f) Importer(815301076,1909f56bfc062723c751e8b465ee728b)  -> (artifact id: '02c5aafb719c5ce82a0cc4a40607ef81') in 0.005425 seconds
  Import took 0.013011 seconds .

========================================================================
Received Import Request.
  Time since last request: 69.348220 seconds.
  path: Assets/Resources/Shaders/Invisibility/Shader_Invisibility.shadergraph
  artifactKey: Guid(1b35e3f456f9d354192093a1a501756f) Importer(815301076,1909f56bfc062723c751e8b465ee728b)
Start importing Assets/Resources/Shaders/Invisibility/Shader_Invisibility.shadergraph using Guid(1b35e3f456f9d354192093a1a501756f) Importer(815301076,1909f56bfc062723c751e8b465ee728b)  -> (artifact id: '4dc525405da45bf4a3897393fd94e76d') in 0.003513 seconds
  Import took 0.013736 seconds .

========================================================================
Received Import Request.
  Time since last request: 52.307396 seconds.
  path: Assets/Resources/Shaders/Invisibility/Shader_Invisibility_Arms.shadergraph
  artifactKey: Guid(159731fc244f22049b97c86c175c5b1c) Importer(815301076,1909f56bfc062723c751e8b465ee728b)
Start importing Assets/Resources/Shaders/Invisibility/Shader_Invisibility_Arms.shadergraph using Guid(159731fc244f22049b97c86c175c5b1c) Importer(815301076,1909f56bfc062723c751e8b465ee728b)  -> (artifact id: 'c98d5d3c0c280f57573214ce6367747f') in 0.003357 seconds
  Import took 0.013524 seconds .

========================================================================
Received Prepare
Registering precompiled user dll's ...
Registered in 0.003023 seconds.
Begin MonoManager ReloadAssembly
Native extension for WindowsStandalone target not found
Native extension for OSXStandalone target not found
Native extension for WebGL target not found
Refreshing native plugins compatible for Editor in 0.93 ms, found 0 plugins.
Preloading 0 native plugins for Editor in 0.00 ms.
Mono: successfully reloaded assembly
- Completed reload, in  2.499 seconds
Platform modules already initialized, skipping
Shader 'Universal Render Pipeline/Particles/Lit': fallback shader 'Universal Render Pipeline/Particles/SimpleLit' not found
Refreshing native plugins compatible for Editor in 5.27 ms, found 0 plugins.
Preloading 0 native plugins for Editor in 0.00 ms.
Unloading 3337 Unused Serialized files (Serialized files now loaded: 0)
System memory in use before: 156.3 MB.
System memory in use after: 156.3 MB.

Unloading 7 unused Assets to reduce memory usage. Loaded Objects now: 4077.
Total: 5.274100 ms (FindLiveObjects: 1.255000 ms CreateObjectMapping: 0.456000 ms MarkObjects: 3.241700 ms  DeleteObjects: 0.316900 ms)

========================================================================
Received Prepare
Registering precompiled user dll's ...
Registered in 0.005151 seconds.
Begin MonoManager ReloadAssembly
Native extension for WindowsStandalone target not found
Native extension for OSXStandalone target not found
Native extension for WebGL target not found
Refreshing native plugins compatible for Editor in 0.99 ms, found 0 plugins.
Preloading 0 native plugins for Editor in 0.00 ms.
Mono: successfully reloaded assembly
- Completed reload, in  1.976 seconds
Platform modules already initialized, skipping
Shader 'Universal Render Pipeline/Particles/Lit': fallback shader 'Universal Render Pipeline/Particles/SimpleLit' not found
Refreshing native plugins compatible for Editor in 3.52 ms, found 0 plugins.
Preloading 0 native plugins for Editor in 0.00 ms.
Unloading 3336 Unused Serialized files (Serialized files now loaded: 0)
System memory in use before: 156.2 MB.
System memory in use after: 156.3 MB.

Unloading 7 unused Assets to reduce memory usage. Loaded Objects now: 4080.
Total: 4.970100 ms (FindLiveObjects: 1.089300 ms CreateObjectMapping: 0.744100 ms MarkObjects: 2.619900 ms  DeleteObjects: 0.514700 ms)

========================================================================
Received Prepare
Registering precompiled user dll's ...
Registered in 0.002233 seconds.
Begin MonoManager ReloadAssembly
Native extension for WindowsStandalone target not found
Native extension for OSXStandalone target not found
Native extension for WebGL target not found
Refreshing native plugins compatible for Editor in 1.22 ms, found 0 plugins.
Preloading 0 native plugins for Editor in 0.00 ms.
Mono: successfully reloaded assembly
- Completed reload, in  1.732 seconds
Platform modules already initialized, skipping
Shader 'Universal Render Pipeline/Particles/Lit': fallback shader 'Universal Render Pipeline/Particles/SimpleLit' not found
Refreshing native plugins compatible for Editor in 2.35 ms, found 0 plugins.
Preloading 0 native plugins for Editor in 0.00 ms.
Unloading 3336 Unused Serialized files (Serialized files now loaded: 0)
System memory in use before: 156.2 MB.
System memory in use after: 156.3 MB.

Unloading 7 unused Assets to reduce memory usage. Loaded Objects now: 4083.
Total: 5.234100 ms (FindLiveObjects: 0.868900 ms CreateObjectMapping: 0.477100 ms MarkObjects: 3.566000 ms  DeleteObjects: 0.319200 ms)

========================================================================
Received Prepare
Registering precompiled user dll's ...
Registered in 0.001906 seconds.
Begin MonoManager ReloadAssembly
Native extension for WindowsStandalone target not found
Native extension for OSXStandalone target not found
Native extension for WebGL target not found
Refreshing native plugins compatible for Editor in 1.26 ms, found 0 plugins.
Preloading 0 native plugins for Editor in 0.00 ms.
Mono: successfully reloaded assembly
- Completed reload, in  1.967 seconds
Platform modules already initialized, skipping
Shader 'Universal Render Pipeline/Particles/Lit': fallback shader 'Universal Render Pipeline/Particles/SimpleLit' not found
Refreshing native plugins compatible for Editor in 2.32 ms, found 0 plugins.
Preloading 0 native plugins for Editor in 0.00 ms.
Unloading 3336 Unused Serialized files (Serialized files now loaded: 0)
System memory in use before: 156.3 MB.
System memory in use after: 156.3 MB.

Unloading 7 unused Assets to reduce memory usage. Loaded Objects now: 4086.
Total: 7.631100 ms (FindLiveObjects: 0.856600 ms CreateObjectMapping: 0.581600 ms MarkObjects: 5.701800 ms  DeleteObjects: 0.486800 ms)

